Using pre-set license
Built from '2020.3/staging' branch; Version is '2020.3.20f1 (41c4e627c95f) revision 4310246'; Using compiler version '192528614'; Build Type 'Release'
OS: 'Windows 10 Pro; OS build 19042.1348; Version 2009; 64bit' Language: 'de' Physical Memory: 15792 MB
BatchMode: 1, IsHumanControllingUs: 0, StartBugReporterOnCrash: 0, Is64bit: 1, IsPro: 0

COMMAND LINE ARGUMENTS:
C:\Program Files\Unity\Hub\Editor\2020.3.20f1\Editor\Unity.exe
-adb2
-batchMode
-noUpm
-name
AssetImportWorker0
-projectPath
C:/Users/Dimi/Documents/GitHub/SPRO3_minigames/AutoHandSetup
-logFile
Logs/AssetImportWorker0.log
-srvPort
58371
Successfully changed project path to: C:/Users/Dimi/Documents/GitHub/SPRO3_minigames/AutoHandSetup
C:/Users/Dimi/Documents/GitHub/SPRO3_minigames/AutoHandSetup
Using Asset Import Pipeline V2.
Refreshing native plugins compatible for Editor in 147.59 ms, found 7 plugins.
Preloading 0 native plugins for Editor in 0.00 ms.
Initialize engine version: 2020.3.20f1 (41c4e627c95f)
[Subsystems] Discovering subsystems at path C:/Program Files/Unity/Hub/Editor/2020.3.20f1/Editor/Data/Resources/UnitySubsystems
[Subsystems] Discovering subsystems at path C:/Users/Dimi/Documents/GitHub/SPRO3_minigames/AutoHandSetup/Assets
GfxDevice: creating device client; threaded=0
Direct3D:
    Version:  Direct3D 11.0 [level 11.1]
    Renderer: AMD Radeon(TM) Graphics (ID=0x1636)
    Vendor:   
    VRAM:     7896 MB
    Driver:   27.20.22002.57
Initialize mono
Mono path[0] = 'C:/Program Files/Unity/Hub/Editor/2020.3.20f1/Editor/Data/Managed'
Mono path[1] = 'C:/Program Files/Unity/Hub/Editor/2020.3.20f1/Editor/Data/MonoBleedingEdge/lib/mono/unityjit'
Mono config path = 'C:/Program Files/Unity/Hub/Editor/2020.3.20f1/Editor/Data/MonoBleedingEdge/etc'
Using monoOptions --debugger-agent=transport=dt_socket,embedding=1,server=y,suspend=n,address=127.0.0.1:56612
Begin MonoManager ReloadAssembly
Registering precompiled unity dll's ...
Register platform support module: C:/Program Files/Unity/Hub/Editor/2020.3.20f1/Editor/Data/PlaybackEngines/WindowsStandaloneSupport/UnityEditor.WindowsStandalone.Extensions.dll
Registered in 0.004011 seconds.
Native extension for WindowsStandalone target not found
Refreshing native plugins compatible for Editor in 134.43 ms, found 7 plugins.
Preloading 0 native plugins for Editor in 0.00 ms.
Mono: successfully reloaded assembly
- Completed reload, in  3.566 seconds
Domain Reload Profiling:
	ReloadAssembly (3566ms)
		BeginReloadAssembly (96ms)
			ExecutionOrderSort (0ms)
			DisableScriptedObjects (0ms)
			BackupInstance (0ms)
			ReleaseScriptingObjects (0ms)
			CreateAndSetChildDomain (2ms)
		EndReloadAssembly (838ms)
			LoadAssemblies (91ms)
			RebuildTransferFunctionScriptingTraits (0ms)
			SetupTypeCache (244ms)
			ReleaseScriptCaches (0ms)
			RebuildScriptCaches (60ms)
			SetupLoadedEditorAssemblies (370ms)
				LogAssemblyErrors (0ms)
				InitializePlatformSupportModulesInManaged (8ms)
				SetLoadedEditorAssemblies (1ms)
				RefreshPlugins (135ms)
				BeforeProcessingInitializeOnLoad (20ms)
				ProcessInitializeOnLoadAttributes (155ms)
				ProcessInitializeOnLoadMethodAttributes (50ms)
				AfterProcessingInitializeOnLoad (0ms)
				EditorAssembliesLoaded (0ms)
			ExecutionOrderSort2 (0ms)
			AwakeInstancesAfterBackupRestoration (0ms)
Platform modules already initialized, skipping
Registering precompiled user dll's ...
Registered in 0.013131 seconds.
Begin MonoManager ReloadAssembly
Native extension for WindowsStandalone target not found
Refreshing native plugins compatible for Editor in 108.35 ms, found 7 plugins.
Preloading 0 native plugins for Editor in 0.00 ms.
Mono: successfully reloaded assembly
- Completed reload, in  2.186 seconds
Domain Reload Profiling:
	ReloadAssembly (2187ms)
		BeginReloadAssembly (231ms)
			ExecutionOrderSort (0ms)
			DisableScriptedObjects (6ms)
			BackupInstance (0ms)
			ReleaseScriptingObjects (0ms)
			CreateAndSetChildDomain (29ms)
		EndReloadAssembly (1852ms)
			LoadAssemblies (146ms)
			RebuildTransferFunctionScriptingTraits (0ms)
			SetupTypeCache (593ms)
			ReleaseScriptCaches (1ms)
			RebuildScriptCaches (104ms)
			SetupLoadedEditorAssemblies (729ms)
				LogAssemblyErrors (0ms)
				InitializePlatformSupportModulesInManaged (6ms)
				SetLoadedEditorAssemblies (0ms)
				RefreshPlugins (108ms)
				BeforeProcessingInitializeOnLoad (159ms)
				ProcessInitializeOnLoadAttributes (436ms)
				ProcessInitializeOnLoadMethodAttributes (10ms)
				AfterProcessingInitializeOnLoad (9ms)
				EditorAssembliesLoaded (0ms)
			ExecutionOrderSort2 (0ms)
			AwakeInstancesAfterBackupRestoration (9ms)
Platform modules already initialized, skipping
========================================================================
Worker process is ready to serve import requests
Launched and connected shader compiler UnityShaderCompiler.exe after 0.08 seconds
Refreshing native plugins compatible for Editor in 1.15 ms, found 7 plugins.
Preloading 0 native plugins for Editor in 0.00 ms.
Unloading 3395 Unused Serialized files (Serialized files now loaded: 0)
System memory in use before: 148.6 MB.
System memory in use after: 148.9 MB.

Unloading 37 unused Assets to reduce memory usage. Loaded Objects now: 3837.
Total: 6.476900 ms (FindLiveObjects: 0.533100 ms CreateObjectMapping: 0.222800 ms MarkObjects: 5.589000 ms  DeleteObjects: 0.129800 ms)

AssetImportParameters requested are different than current active one (requested -> active):
  custom:framework-win-MediaFoundation: 216162199b28c13a410421893ffa2e32 -> 
  custom:video-decoder-ogg-theora: a1e56fd34408186e4bbccfd4996cb3dc -> 
  custom:container-muxer-webm: aa71ff27fc2769a1b78a27578f13a17b -> 
  custom:container-demuxer-webm: 4f35f7cbe854078d1ac9338744f61a02 -> 
  custom:container-demuxer-ogg: 62fdf1f143b41e24485cea50d1cbac27 -> 
  custom:video-encoder-webm-vp8: eb34c28f22e8b96e1ab97ce403110664 -> 
  custom:video-decoder-webm-vp8: 9c59270c3fd7afecdb556c50c9e8de78 -> 
  custom:audio-decoder-ogg-vorbis: bf7c407c2cedff20999df2af8eb42d56 -> 
  custom:audio-encoder-webm-vorbis: bf7c407c2cedff20999df2af8eb42d56 -> 
========================================================================
Received Import Request.
  path: Assets/AutoHand/Examples
  artifactKey: Guid(7c40ca803715fd641836852e8095d479) Importer(815301076,1909f56bfc062723c751e8b465ee728b)
Start importing Assets/AutoHand/Examples using Guid(7c40ca803715fd641836852e8095d479) Importer(815301076,1909f56bfc062723c751e8b465ee728b)  -> (artifact id: '7de69a6cb8bc42f5d3f3e69435722f3c') in 0.021671 seconds 
  Import took 0.032972 seconds .

========================================================================
Received Import Request.
  Time since last request: 0.000376 seconds.
  path: Assets/AutoHand/Examples/Scenes
  artifactKey: Guid(9c4608e4cedd0074497df69655f5f29f) Importer(815301076,1909f56bfc062723c751e8b465ee728b)
Start importing Assets/AutoHand/Examples/Scenes using Guid(9c4608e4cedd0074497df69655f5f29f) Importer(815301076,1909f56bfc062723c751e8b465ee728b)  -> (artifact id: '3ff3bf2b4a6732c62602fe3633ea04dd') in 0.014031 seconds 
  Import took 0.024378 seconds .

========================================================================
Received Import Request.
  Time since last request: 7.475000 seconds.
  path: Assets/AutoHand/Examples/Scenes/OpenXR/Demo.unity
  artifactKey: Guid(1551acbe06158c74e8ab2f58f9b373dc) Importer(815301076,1909f56bfc062723c751e8b465ee728b)
Start importing Assets/AutoHand/Examples/Scenes/OpenXR/Demo.unity using Guid(1551acbe06158c74e8ab2f58f9b373dc) Importer(815301076,1909f56bfc062723c751e8b465ee728b)  -> (artifact id: '508a7df139e70492b4ab937aa4aa8999') in 0.046391 seconds 
  Import took 0.057583 seconds .

========================================================================
Received Prepare
Refreshing native plugins compatible for Editor in 8.61 ms, found 7 plugins.
Preloading 0 native plugins for Editor in 0.00 ms.
Unloading 27 Unused Serialized files (Serialized files now loaded: 0)
System memory in use before: 74.6 MB.
System memory in use after: 74.9 MB.

Unloading 27 unused Assets to reduce memory usage. Loaded Objects now: 3837.
Total: 4.713800 ms (FindLiveObjects: 0.354300 ms CreateObjectMapping: 0.094300 ms MarkObjects: 4.233000 ms  DeleteObjects: 0.031100 ms)

AssetImportParameters requested are different than current active one (requested -> active):
  custom:framework-win-MediaFoundation: 216162199b28c13a410421893ffa2e32 -> 
  custom:video-decoder-ogg-theora: a1e56fd34408186e4bbccfd4996cb3dc -> 
  custom:container-muxer-webm: aa71ff27fc2769a1b78a27578f13a17b -> 
  custom:container-demuxer-webm: 4f35f7cbe854078d1ac9338744f61a02 -> 
  custom:container-demuxer-ogg: 62fdf1f143b41e24485cea50d1cbac27 -> 
  custom:video-encoder-webm-vp8: eb34c28f22e8b96e1ab97ce403110664 -> 
  custom:video-decoder-webm-vp8: 9c59270c3fd7afecdb556c50c9e8de78 -> 
  custom:audio-decoder-ogg-vorbis: bf7c407c2cedff20999df2af8eb42d56 -> 
  custom:audio-encoder-webm-vorbis: bf7c407c2cedff20999df2af8eb42d56 -> 
========================================================================
Received Prepare
Refreshing native plugins compatible for Editor in 7.50 ms, found 7 plugins.
Preloading 0 native plugins for Editor in 0.00 ms.
Unloading 27 Unused Serialized files (Serialized files now loaded: 0)
System memory in use before: 74.6 MB.
System memory in use after: 74.9 MB.

Unloading 27 unused Assets to reduce memory usage. Loaded Objects now: 3837.
Total: 4.562200 ms (FindLiveObjects: 0.347600 ms CreateObjectMapping: 0.095500 ms MarkObjects: 4.094700 ms  DeleteObjects: 0.023400 ms)

AssetImportParameters requested are different than current active one (requested -> active):
  custom:framework-win-MediaFoundation: 216162199b28c13a410421893ffa2e32 -> 
  custom:video-decoder-ogg-theora: a1e56fd34408186e4bbccfd4996cb3dc -> 
  custom:container-muxer-webm: aa71ff27fc2769a1b78a27578f13a17b -> 
  custom:container-demuxer-webm: 4f35f7cbe854078d1ac9338744f61a02 -> 
  custom:container-demuxer-ogg: 62fdf1f143b41e24485cea50d1cbac27 -> 
  custom:video-encoder-webm-vp8: eb34c28f22e8b96e1ab97ce403110664 -> 
  custom:video-decoder-webm-vp8: 9c59270c3fd7afecdb556c50c9e8de78 -> 
  custom:audio-decoder-ogg-vorbis: bf7c407c2cedff20999df2af8eb42d56 -> 
  custom:audio-encoder-webm-vorbis: bf7c407c2cedff20999df2af8eb42d56 -> 
========================================================================
Received Import Request.
  Time since last request: 470.229062 seconds.
  path: Assets/Scripts/Hand.cs
  artifactKey: Guid(fab0756877e3a3e44b55bc4139097333) Importer(815301076,1909f56bfc062723c751e8b465ee728b)
Start importing Assets/Scripts/Hand.cs using Guid(fab0756877e3a3e44b55bc4139097333) Importer(815301076,1909f56bfc062723c751e8b465ee728b)  -> (artifact id: 'b643d92f2c03b95ae5f5fa0bec5ec0ca') in 0.022491 seconds 
  Import took 0.028192 seconds .

========================================================================
Received Import Request.
  Time since last request: 4.123788 seconds.
  path: Assets/Scripts/HandController.cs
  artifactKey: Guid(3510892d7c20f234f88255464ee1b0af) Importer(815301076,1909f56bfc062723c751e8b465ee728b)
Start importing Assets/Scripts/HandController.cs using Guid(3510892d7c20f234f88255464ee1b0af) Importer(815301076,1909f56bfc062723c751e8b465ee728b)  -> (artifact id: 'd63fe44fd36dab7da520708a835841a4') in 0.009525 seconds 
  Import took 0.015868 seconds .

========================================================================
Received Import Request.
  Time since last request: 1.033397 seconds.
  path: Assets/Scripts/SelectPuzzle.cs
  artifactKey: Guid(dc3ff8617bce5b04993389af70113464) Importer(815301076,1909f56bfc062723c751e8b465ee728b)
Start importing Assets/Scripts/SelectPuzzle.cs using Guid(dc3ff8617bce5b04993389af70113464) Importer(815301076,1909f56bfc062723c751e8b465ee728b)  -> (artifact id: 'ebcbd3b682742427eca3a7343c82a8ec') in 0.012171 seconds 
  Import took 0.018758 seconds .

========================================================================
Received Import Request.
  Time since last request: 0.478200 seconds.
  path: Assets/Scripts/SettingsController.cs
  artifactKey: Guid(070c90710ae837843bb58c8480951390) Importer(815301076,1909f56bfc062723c751e8b465ee728b)
Start importing Assets/Scripts/SettingsController.cs using Guid(070c90710ae837843bb58c8480951390) Importer(815301076,1909f56bfc062723c751e8b465ee728b)  -> (artifact id: '04bfb5375f0a452b81b4f8fbe9d5d2d0') in 0.007986 seconds 
  Import took 0.015193 seconds .

========================================================================
Received Import Request.
  Time since last request: 0.401974 seconds.
  path: Assets/Scripts/SimpleCameraController.cs
  artifactKey: Guid(be76e5f14cfee674cb30b491fb72b09b) Importer(815301076,1909f56bfc062723c751e8b465ee728b)
Start importing Assets/Scripts/SimpleCameraController.cs using Guid(be76e5f14cfee674cb30b491fb72b09b) Importer(815301076,1909f56bfc062723c751e8b465ee728b)  -> (artifact id: '22f43657664d19fbc476a42e0fad91a9') in 0.009425 seconds 
  Import took 0.017251 seconds .

========================================================================
Received Import Request.
  Time since last request: 0.878017 seconds.
  path: Assets/Scripts/Add_buttons.cs
  artifactKey: Guid(0af24db40dd1eb144bb13df96912967d) Importer(815301076,1909f56bfc062723c751e8b465ee728b)
Start importing Assets/Scripts/Add_buttons.cs using Guid(0af24db40dd1eb144bb13df96912967d) Importer(815301076,1909f56bfc062723c751e8b465ee728b)  -> (artifact id: '184094b07965a2f7543d3589dcea8165') in 0.017156 seconds 
  Import took 0.024652 seconds .

========================================================================
Received Import Request.
  Time since last request: 138.736881 seconds.
  path: Assets/AutoHand/Packages (Setup)
  artifactKey: Guid(9ed29be5b84c5b04780e13736d6ed8e2) Importer(815301076,1909f56bfc062723c751e8b465ee728b)
Start importing Assets/AutoHand/Packages (Setup) using Guid(9ed29be5b84c5b04780e13736d6ed8e2) Importer(815301076,1909f56bfc062723c751e8b465ee728b)  -> (artifact id: '8ae7e9a3b2b6ddf495603ae39109d2b0') in 0.006807 seconds 
  Import took 0.013072 seconds .

========================================================================
Received Import Request.
  Time since last request: 6.647503 seconds.
  path: Assets/AutoHand/Packages (Setup)/OpenXR.unitypackage
  artifactKey: Guid(8d0032e2c15d57d4d8f7cb9b30aa3578) Importer(815301076,1909f56bfc062723c751e8b465ee728b)
Start importing Assets/AutoHand/Packages (Setup)/OpenXR.unitypackage using Guid(8d0032e2c15d57d4d8f7cb9b30aa3578) Importer(815301076,1909f56bfc062723c751e8b465ee728b)  -> (artifact id: 'a4099e23a9185ce9f95b846a1e308776') in 0.034532 seconds 
  Import took 0.041068 seconds .

========================================================================
Received Import Request.
  Time since last request: 438.618143 seconds.
  path: Assets/Scenes
  artifactKey: Guid(3ae19eaff8584d6479b19a75f9ece702) Importer(815301076,1909f56bfc062723c751e8b465ee728b)
Start importing Assets/Scenes using Guid(3ae19eaff8584d6479b19a75f9ece702) Importer(815301076,1909f56bfc062723c751e8b465ee728b)  -> (artifact id: '8c0df6dd33b2d81c6286aad20a6b8249') in 0.009541 seconds 
  Import took 0.017311 seconds .

========================================================================
Received Import Request.
  Time since last request: 1.201320 seconds.
  path: Assets/AutoHand DEV
  artifactKey: Guid(a2c72a567bf379d4488e2543c76ff2ef) Importer(815301076,1909f56bfc062723c751e8b465ee728b)
Start importing Assets/AutoHand DEV using Guid(a2c72a567bf379d4488e2543c76ff2ef) Importer(815301076,1909f56bfc062723c751e8b465ee728b)  -> (artifact id: 'daf98f469d33c3cee211421e384d87c1') in 0.009840 seconds 
  Import took 0.016769 seconds .

========================================================================
Received Import Request.
  Time since last request: 1.796163 seconds.
  path: Assets/ExampleAssets
  artifactKey: Guid(990f5c2df70993f4987a388ca178996a) Importer(815301076,1909f56bfc062723c751e8b465ee728b)
Start importing Assets/ExampleAssets using Guid(990f5c2df70993f4987a388ca178996a) Importer(815301076,1909f56bfc062723c751e8b465ee728b)  -> (artifact id: 'd5ac45704b3e904ca5b19a6457cc79ac') in 0.009649 seconds 
  Import took 0.016621 seconds .

========================================================================
Received Import Request.
  Time since last request: 297.817847 seconds.
  path: Assets
  artifactKey: Guid(00000000000000001000000000000000) Importer(815301076,1909f56bfc062723c751e8b465ee728b)
Start importing Assets using Guid(00000000000000001000000000000000) Importer(815301076,1909f56bfc062723c751e8b465ee728b)  -> (artifact id: '42d402b061de3733987d63b9cc3b64de') in 0.009173 seconds 
  Import took 0.015812 seconds .

========================================================================
Received Import Request.
  Time since last request: 8.936201 seconds.
  path: Assets/AutoHand/Resources
  artifactKey: Guid(6c5ac0d0ee95f35468fcbc9ee378f50e) Importer(815301076,1909f56bfc062723c751e8b465ee728b)
Start importing Assets/AutoHand/Resources using Guid(6c5ac0d0ee95f35468fcbc9ee378f50e) Importer(815301076,1909f56bfc062723c751e8b465ee728b)  -> (artifact id: '7d2d0ea49ccdb4de883a1f58fe65f315') in 0.011083 seconds 
  Import took 0.018064 seconds .

========================================================================
Received Import Request.
  Time since last request: 578.345302 seconds.
  path: Assets/AutoHand
  artifactKey: Guid(18f4aefb59ce65b4a9d439c95283e688) Importer(815301076,1909f56bfc062723c751e8b465ee728b)
Start importing Assets/AutoHand using Guid(18f4aefb59ce65b4a9d439c95283e688) Importer(815301076,1909f56bfc062723c751e8b465ee728b)  -> (artifact id: '8a07fff27bfc2f32836e59deba14629e') in 0.008306 seconds 
  Import took 0.017807 seconds .

========================================================================
Received Prepare
Refreshing native plugins compatible for Editor in 331.84 ms, found 7 plugins.
Preloading 0 native plugins for Editor in 0.00 ms.
Unloading 27 Unused Serialized files (Serialized files now loaded: 0)
System memory in use before: 78.3 MB.
System memory in use after: 78.5 MB.

Unloading 27 unused Assets to reduce memory usage. Loaded Objects now: 3839.
Total: 5.188000 ms (FindLiveObjects: 0.678500 ms CreateObjectMapping: 0.101600 ms MarkObjects: 4.380300 ms  DeleteObjects: 0.025700 ms)

AssetImportParameters requested are different than current active one (requested -> active):
  custom:framework-win-MediaFoundation: 216162199b28c13a410421893ffa2e32 -> 
  custom:video-decoder-ogg-theora: a1e56fd34408186e4bbccfd4996cb3dc -> 
  custom:container-muxer-webm: aa71ff27fc2769a1b78a27578f13a17b -> 
  custom:container-demuxer-webm: 4f35f7cbe854078d1ac9338744f61a02 -> 
  custom:container-demuxer-ogg: 62fdf1f143b41e24485cea50d1cbac27 -> 
  custom:video-encoder-webm-vp8: eb34c28f22e8b96e1ab97ce403110664 -> 
  custom:video-decoder-webm-vp8: 9c59270c3fd7afecdb556c50c9e8de78 -> 
  custom:audio-decoder-ogg-vorbis: bf7c407c2cedff20999df2af8eb42d56 -> 
  custom:audio-encoder-webm-vorbis: bf7c407c2cedff20999df2af8eb42d56 -> 
AssetImportWorkerClient::OnTransportError - code=2 error=End of file
